Last Complete  |Cut Mode|  Elapsed: 00:04:11  ConsoleMvSpeed 2  FileEndSpeed 2    06:27:12  10-08-2019
 File Completed:Yes Ln:42 Max: 0.00, 0.00, 3.30  Min: 0.00, 0.00, 3.30  Offset:no  Brks=0  TBCs: .000, .000, -3.553  Props: 1.000, 1.000, 1.000
Last Not Complete Stopped@Line 44 |Cut Mode|  Elapsed: 00:01:37  ConsoleMvSpeed 2  FileEndSpeed 2    06:29:05  10-08-2019
 File Completed:No  Ln:44 Max: 37.28, 4.23, 3.30  Min: 37.28, 4.23,- 8.00  Offset:no  Brks=0  TBCs: .000, .000, -3.553  Props: 1.000, 1.000, 1.000
Last Not Complete Stopped@Line 44 |Cut Mode|  Elapsed: 00:07:00  ConsoleMvSpeed 2  FileEndSpeed 2    08:31:15  10-08-2019
 File Completed:No  Ln:44 Max: 37.31, 4.23, 16.00  Min: 37.28, 4.23,- 8.00  Offset:no  Brks=0  TBCs: .000, .000, -2.111  Props: 1.000, 1.000, 1.000
Last Not Complete Stopped@Line 44 |Cut Mode|  Elapsed: 00:01:09  ConsoleMvSpeed 2  FileEndSpeed 2    08:34:53  10-08-2019
 File Completed:No  Ln:44 Max: 37.30, 4.23, 3.30  Min: 37.30, 4.23,- 8.00  Offset:no  Brks=0  TBCs: .000, .000, -3.553  Props: 1.000, 1.000, 1.000
Last Not Complete Stopped@Line 44 |Cut Mode|  Elapsed: 00:00:12  ConsoleMvSpeed 2  FileEndSpeed 2    08:39:12  10-08-2019
 File Completed:No  Ln:44 Max: 37.30, 4.23, 3.30  Min: 37.30, 4.23,- 8.00  Offset:no  Brks=0  TBCs: .000, .000, -3.553  Props: 1.000, 1.000, 1.000
Last Not Complete Stopped@Line 44 |Cut Mode|  Elapsed: 00:00:21  ConsoleMvSpeed 2  FileEndSpeed 2    08:46:27  10-08-2019
 File Completed:No  Ln:44 Max: 37.30, 4.23, 5.27  Min: 37.30, 4.23,- 8.00  Offset:no  Brks=0  TBCs: .000, .000, -5.517  Props: 1.000, 1.000, 1.000
Last Not Complete Stopped@Line 48 |Cut Mode|  Elapsed: 00:01:18  ConsoleMvSpeed 2  FileEndSpeed 2    10:35:59  10-14-2019
 File Completed:No  Ln:48 Max: 75.00, 49.00, 200.00  Min:- 200.00,- 200.00,- 8.00  Offset:no  Brks=0  TBCs: .000, .000, -5.517  Props: 1.000, 1.000, 1.000
Last Not Complete Stopped@Line 48 |Cut Mode|  Elapsed: 00:02:41  ConsoleMvSpeed 2  FileEndSpeed 2    10:38:50  10-14-2019
 File Completed:No  Ln:48 Max: 75.00, 49.00, 200.00  Min:- 200.00,- 200.00,- 8.00  Offset:no  Brks=0  TBCs: .000, .000, -5.517  Props: 1.000, 1.000, 1.000
Last Not Complete Stopped@Line 48 |Cut Mode|  Elapsed: 00:04:10  ConsoleMvSpeed 2  FileEndSpeed 2    13:56:05  10-15-2019
 File Completed:No  Ln:48 Max: 75.00, 49.00, 200.00  Min:- 200.00,- 200.00,- 8.00  Offset:no  Brks=0  TBCs: .000, .000, -5.517  Props: 1.000, 1.000, 1.000
Last Not Complete Stopped@Line 56 |Cut Mode|  Elapsed: 00:03:56  ConsoleMvSpeed 2  FileEndSpeed 2    07:59:59  10-16-2019
 File Completed:No  Ln:56 Max: 75.00, 49.00, 200.00  Min:- 200.00,- 200.00,- 8.00  Offset:no  Brks=0  TBCs: .000, .000, -5.517  Props: 1.000, 1.000, 1.000
Last Not Complete Stopped@Line 58 |Cut Mode|  Elapsed: 00:03:15  ConsoleMvSpeed 2  FileEndSpeed 2    08:09:06  10-16-2019
 File Completed:No  Ln:58 Max: 36.68, 1.99, 200.00  Min:- 200.00,- 200.00, 5.27  Offset:no  Brks=0  TBCs: .000, .000, -5.517  Props: 1.000, 1.000, 1.000
Last Not Complete Stopped@Line 57 |Cut Mode|  Elapsed: 00:03:42  ConsoleMvSpeed 1.5  FileEndSpeed 1.5    13:05:34  10-16-2019
 File Completed:No  Ln:57 Max: 0.00, 0.00, 0.00  Min: 0.00, 0.00, 0.00  Offset:no  Brks=0  TBCs: .000, .000, -5.286  Props: 1.000, 1.000, 1.000
Last Not Complete Stopped@Line 22 |Cut Mode|  Elapsed: 00:01:23  ConsoleMvSpeed 1.5  FileEndSpeed 1.5    10:49:07  10-17-2019
 File Completed:No  Ln:22 Max: 0.00, 0.00, 0.00  Min: 0.00, 0.00, 0.00  Offset:no  Brks=2  TBCs: .000, .000, -3.888  Props: 1.000, 1.000, 1.000
Last Not Complete Stopped@Line 22 |Cut Mode|  Elapsed: 00:02:59  ConsoleMvSpeed 1.5  FileEndSpeed 1.5    10:52:12  10-17-2019
 File Completed:No  Ln:22 Max: 0.00, 0.00, 0.00  Min: 0.00, 0.00, 0.00  Offset:no  Brks=2  TBCs: .000, .000, -3.888  Props: 1.000, 1.000, 1.000
Last Not Complete Stopped@Line 3 |Cut Mode|  Elapsed: 00:03:02  ConsoleMvSpeed 1.5  FileEndSpeed 1.5    10:55:58  10-17-2019
 File Completed:No  Ln:3 Max: 0.00, 0.00, 0.00  Min: 0.00, 0.00, 0.00  Offset:no  Brks=0  TBCs: .000, .000, -3.888  Props: 1.000, 1.000, 1.000
