Last Complete  |PREVIEW Mode|  Elapsed: 00:00:02  ConsoleMvSpeed 2  FileEndSpeed 2    17:07:19  02-26-2020
 File Completed:Yes Ln:206 Max: 0.00, 0.00, 0.00  Min: 0.00, 0.00, 0.00  Offset:no  Brks=0  TBCs: .000, .000, .000  Props: 1.000, 1.000, 1.000
Last Not Complete Stopped@Line 99 |Cut Mode|  Elapsed: 00:00:12  ConsoleMvSpeed 3  FileEndSpeed 1.0    17:08:18  02-26-2020
 File Completed:No  Ln:99 Max: 0.00, 0.00, 200.00  Min: 0.00, 0.00, 6.21  Offset:no  Brks=1  TBCs: .000, .000, .000  Props: 1.000, 1.000, 1.000
Last Not Complete Stopped@Line 108 |Cut Mode|  Elapsed: 00:00:17  ConsoleMvSpeed 3  FileEndSpeed 1.0    17:10:41  02-26-2020
 File Completed:No  Ln:108 Max: 0.10, 200.00, 200.00  Min: 0.10,- 0.21, 4.75  Offset:no  Brks=1  TBCs: .000, .000, -5.000  Props: 1.000, 1.000, 1.000
Last Not Complete Stopped@Line 108 |Cut Mode|  Elapsed: 00:00:19  ConsoleMvSpeed 3  FileEndSpeed 1.0    17:11:42  02-26-2020
 File Completed:No  Ln:108 Max: 0.10, 13.29, 200.00  Min: 0.10,- 200.00, 4.75  Offset:no  Brks=1  TBCs: .000, .000, -5.000  Props: 1.000, 1.000, 1.000
Last Not Complete Stopped@Line 178 |Cut Mode|  Elapsed: 00:00:18  ConsoleMvSpeed 3  FileEndSpeed 1.0    17:12:24  02-26-2020
 File Completed:No  Ln:178 Max: 0.10, 13.17, 200.00  Min: 0.10,- 200.00, 4.75  Offset:no  Brks=1  TBCs: .000, .000, -5.000  Props: 1.000, 1.000, 1.000
Last Complete  |Cut Mode|  Elapsed: 00:00:26  ConsoleMvSpeed 3  FileEndSpeed 3    17:13:18  02-26-2020
 File Completed:Yes Ln:133 Max: 1.95, 14.73, 200.00  Min:- 200.00,- 200.00, 4.75  Offset:no  Brks=0  TBCs: .000, .000, -5.000  Props: 1.000, 1.000, 1.000
Last Not Complete Stopped@Line 171 |Cut Mode|  Elapsed: 00:00:17  ConsoleMvSpeed 3  FileEndSpeed 1.0    17:14:43  02-26-2020
 File Completed:No  Ln:171 Max:- 0.50, 0.00, 200.00  Min:- 1.04,- 200.00, 4.75  Offset:no  Brks=1  TBCs: .000, 24.001, -5.000  Props: 1.000, 1.000, 1.000
Last Not Complete Stopped@Line 171 |Cut Mode|  Elapsed: 00:00:18  ConsoleMvSpeed 3  FileEndSpeed 1.0    17:15:26  02-26-2020
 File Completed:No  Ln:171 Max:- 0.50,- 0.50, 200.00  Min:- 1.04,- 200.00, 4.75  Offset:no  Brks=1  TBCs: .000, 48.000, -5.000  Props: 1.000, 1.000, 1.000
Last Complete  |Cut Mode|  Elapsed: 00:00:44  ConsoleMvSpeed 3  FileEndSpeed 3    17:16:34  02-26-2020
 File Completed:Yes Ln:133 Max: 0.00, 1.95, 200.00  Min:- 200.00,- 200.00, 4.75  Offset:no  Brks=0  TBCs: .000, .000, -5.000  Props: 1.000, 1.000, 1.000
Last Not Complete Stopped@Line 178 |Cut Mode|  Elapsed: 00:00:24  ConsoleMvSpeed 3  FileEndSpeed 1.0    17:18:12  02-26-2020
 File Completed:No  Ln:178 Max: 0.00, 200.00, 200.00  Min: 0.00,- 12.16, 4.75  Offset:no  Brks=1  TBCs: .000, .000, -5.000  Props: 1.000, 1.000, 1.000
Last Complete  |Cut Mode|  Elapsed: 00:00:38  ConsoleMvSpeed 3  FileEndSpeed 3    17:19:33  02-26-2020
 File Completed:Yes Ln:133 Max: 0.00, 200.00, 200.00  Min:- 200.00,- 23.80, 4.75  Offset:no  Brks=0  TBCs: .000, .000, -5.000  Props: 1.000, 1.000, 1.000
Last Complete  |Cut Mode|  Elapsed: 00:00:25  ConsoleMvSpeed 3  FileEndSpeed 3    17:22:15  02-26-2020
 File Completed:Yes Ln:133 Max: 0.00, 200.00, 200.00  Min:- 200.00,- 2.05, 4.75  Offset:no  Brks=0  TBCs: .000, .000, -5.000  Props: 1.000, 1.000, 1.000
Last Not Complete Stopped@Line 133 |Cut Mode|  Elapsed: 00:00:34  ConsoleMvSpeed 3  FileEndSpeed 3    17:23:34  02-26-2020
 File Completed:No  Ln:133 Max: 0.00, 200.00, 200.00  Min:- 200.00,- 48.50, 4.75  Offset:no  Brks=0  TBCs: .000, .000, -5.000  Props: 1.000, 1.000, 1.000
Last Complete  |Cut Mode|  Elapsed: 00:00:41  ConsoleMvSpeed 3  FileEndSpeed 3    17:25:56  02-26-2020
 File Completed:Yes Ln:133 Max: 0.34, 200.00, 200.00  Min:- 200.00,- 2.05, 4.75  Offset:no  Brks=0  TBCs: .000, .000, -5.000  Props: 1.000, 1.000, 1.000
Last Complete  |Cut Mode|  Elapsed: 00:00:40  ConsoleMvSpeed 3  FileEndSpeed 3    17:29:31  02-26-2020
 File Completed:Yes Ln:133 Max: 0.00, 200.00, 200.00, 0.00, 0.00  Min:- 200.00,- 2.05, 4.75, 0.00, 0.00  Offset:no  Brks=0  TBCs: .000, .000, -5.000, .000, -96.525  Props: 1.000, 1.000, 1.000, 1.000, 1.000
